2026-02-02 23:00:17 KST josu-log-hourly-authoring: aborted — blog-writer skill not available in current skills list; memory_search unavailable (no API key).
2026-02-17 05:00:19 KST josu-log-hourly-authoring: skipped — no qualifying automation lesson found within last hour.
2026-02-17 06:00:52 KST josu-log-hourly-authoring: skipped — no qualifying automation lesson found within last hour.
2026-02-17 08:00:22 KST josu-log-hourly-authoring: skipped — no qualifying automation lesson found within last hour.
2026-02-17 09:00:00 KST josu-log-hourly-authoring: skipped — no qualifying automation lesson found within last hour.
2026-02-17 10:00:01 KST josu-log-hourly-authoring: skipped — no qualifying automation lesson found within last hour (no new 작업/운영/자동화 신호/교훈).
2026-02-17 11:00:19 KST josu-log-hourly-authoring: skipped — no qualifying automation lesson found within last hour; no changes made.
2026-02-17 12:00:49 KST KST josu-log-hourly-authoring: skipped — no qualifying automation lesson found within last hour; ending with NO_REPLY.
2026-02-17 13:00:06 KST josu-log-hourly-authoring: skipped — no qualifying automation lesson found within last hour; ending with NO_REPLY.
2026-02-17 14:01:16 KST: josu-log-hourly-authoring skipped — no qualifying automation lesson found within last hour; ending with NO_REPLY.
2026-02-17 15:00:00 KST josu-log-hourly-authoring: skipped — no qualifying automation lesson found within last hour (no new signals/lessons); ending with NO_REPLY.
2026-02-17 16:00:19 KST josu-log-hourly-authoring: skipped — no qualifying automation lesson found within last hour; ending with NO_REPLY.
2026-02-17 17:00:00 KST josu-log-hourly-authoring: no-op — no qualifying automation lesson found within last 1 hour; ending with NO_REPLY
2026-02-17 18:00:27 KST josu-log-hourly-authoring: skipped — no qualifying automation/운영/작업 lesson found within the last 1 hour; ending with NO_REPLY.
2026-02-17 19:00:35 KST josu-log-hourly-authoring: skipped — no qualifying automation/작업/운영 lesson found within the last 1 hour; ending with NO_REPLY.
2026-02-17 20:00:25 KST KST josu-log-hourly-authoring: skipped — no qualifying automation/작업/운영 lesson found within the last 1 hour; ending with NO_REPLY.
2026-02-17 21:00:20 KST josu-log-hourly-authoring: skipped — no qualifying automation/작업/운영 lesson found within the last 1 hour; ending with NO_REPLY. 
2026-02-17 22:00:39 KST josu-log-hourly-authoring: skipped — no qualifying automation/작업/운영 lesson found within the last 1 hour (no new signals between 21:00~22:00); ending with NO_REPLY.
2026-02-18 00:01:16 KST josu-log-hourly-authoring: skipped — no qualifying 1-hour 작업/운영/자동화 lesson found in logs or repo activity; ending with NO_REPLY.
2026-02-18 02:00:04 KST josu-log-hourly-authoring: skipped — no qualifying 1-hour 작업/운영/자동화 lesson found in detected activity (git/log signals: none between 01:00-02:00); ending with NO_REPLY.
2026-02-18 03:00:00 KST josu-log-hourly-authoring: skipped — no qualifying 작업/운영/자동화 lesson found in last 1-hour signals; ending with NO_REPLY.
2026-02-18 04:00:40 KST josu-log-hourly-authoring: skipped — no qualifying automation lesson found in last 1 hour (01:00-04:00 window had no qualifying 작업/운영/자동화 signals); ending with NO_REPLY.
2026-02-18 05:00:43 KST KST josu-log-hourly-authoring: skipped — no qualifying 1-hour 작업/운영/자동화 lesson found across git/log activity (window 04:00~05:00 had no new signal); ending with NO_REPLY.
2026-02-18 06:00:30  KST josu-log-hourly-authoring: skipped — no qualifying 작업/운영/자동화 lesson found in last 1 hour; ending with NO_REPLY
2026-02-18 07:00:49 KST josu-log-hourly-authoring: skipped — no qualifying 1-hour 작업/운영/자동화 lesson found in repo activity; ending with NO_REPLY
2026-02-18 08:00:58 KST josu-log-hourly-authoring: skipped — no qualifying 1-hour 작업/운영/자동화 lesson found (latest repo signal before 08:00); ending with NO_REPLY
2026-02-18 09:00:00 KST josu-log-hourly-authoring: wrote post from recent 운영/작업 교훈 (Playwright E2E 확장) → _posts/2026-02-18-e2e-coverage-for-i18n-pages.md created; commit succeeded and pushed to origin main 
2026-02-19 14:00:55 KST josu-log-hourly-authoring: skipped — no new 1-hour 작업/운영/자동화 교훈 distinct from latest run; only prior-hour automation lesson already published in 13:00 post. NO_REPLY.
2026-02-19 15:00:12 KST josu-log-hourly-authoring: created post from 최근 1시간 운영/자동화 교훈( Telegram 미디어 경로 허용 정책 ) -> _posts/2026-02-19-hourly-telegram-media-path-preflight.md created; commit prepared and pushed to origin main
2026-02-19 16:00:22 KST josu-log-hourly-authoring: skipped — no qualifying 1-hour 작업/운영/자동화 lesson found in repo activity (git/log signals: none between 15:00~16:00 KST); ending with NO_REPLY
2026-02-19 17:00:07 KST josu-log-hourly-authoring: skipped — no qualifying 1-hour 작업/운영/자동화 lesson found in recent repo/log signals (last checked window: 16:00~17:00); ending with NO_REPLY
2026-02-19 19:00:00 KST josu-log-hourly-authoring: skipped — no qualifying 1-hour 작업/운영/자동화 lesson found in repo activity (window 18:00~19:00); ending with NO_REPLY
2026-02-19 20:00:16 KST josu-log-hourly-authoring: skipped — no qualifying 1-hour 작업/운영/자동화 lesson found in repo activity (window 19:00~20:00); ending with NO_REPLY
2026-02-19 21:00:22 KST josu-log-hourly-authoring: skipped — no qualifying 1-hour 작업/운영/자동화 lesson found in repo activity (window 20:00~21:00); ending with NO_REPLY
2026-02-19 23:00:00 KST josu-log-hourly-authoring: skipped — no qualifying 1-hour 작업/운영/자동화 lesson found in repo activity (window 22:00~23:00); ending with NO_REPLY
2026-02-20 01:00:27 KST josu-log-hourly-authoring: skipped — no qualifying 1-hour 작업/운영/자동화 lesson found in git activity (no commits/signals between 00:00~01:00); ending with NO_REPLY. 
2026-02-20 02:00:15 KST josu-log-hourly-authoring: skipped — no qualifying 1-hour 작업/운영/자동화 lesson found in git/recent activity (window 01:00~02:00); ending with NO_REPLY.
2026-02-20 03:00:12 KST josu-log-hourly-authoring: skipped — no qualifying 1-hour 작업/운영/자동화 lesson found in git/log activity (window 02:00~03:00); ending with NO_REPLY.
2026-02-20 04:00:09 KST josu-log-hourly-authoring: skipped — no qualifying 1-hour 작업/운영/자동화 lesson found in repo activity (window 03:00~04:00); ending with NO_REPLY.
2026-02-20 05:00:11 KST josu-log-hourly-authoring: skipped — no qualifying 1-hour 작업/운영/자동화 lesson found in window 04:00~05:00; ending with NO_REPLY
2026-02-20 06:00:10 KST josu-log-hourly-authoring: published post from recent 1-hour 운영/작업 lesson (pytest dependency gate) → _posts/2026-02-20-hourly-pytest-gate-before-proof.md created; committed as branch josu-log-hourly-authoring-20260220-0600 and pushed to origin main.
